<?xml version="1.0" encoding="UTF-8"?>
<!-- Generated by org.testng.reporters.JUnitReportReporter -->
<testsuite hostname="PC1578" name="com.qa.zoopla.pages.RightClickAction" tests="1" failures="0" timestamp="4 Jun 2019 12:34:30 GMT" time="69.951" errors="0">
  <testcase name="rightClickAction" time="69.951" classname="com.qa.zoopla.pages.RightClickAction"/>
</testsuite> <!-- com.qa.zoopla.pages.RightClickAction -->
