<?xml version="1.0" encoding="UTF-8"?>
<!-- Generated by org.testng.reporters.JUnitReportReporter -->
<testsuite hostname="RPC206" name="com.qa.zoopla.testcases.ZooplaLandingPageTest" tests="1" failures="0" timestamp="8 Apr 2019 08:59:15 GMT" time="26.987" errors="0">
  <testcase name="loginTest" time="26.987" classname="com.qa.zoopla.testcases.ZooplaLandingPageTest"/>
</testsuite> <!-- com.qa.zoopla.testcases.ZooplaLandingPageTest -->
