<?xml version="1.0" encoding="UTF-8"?>
<!-- Generated by org.testng.reporters.JUnitReportReporter -->
<testsuite hostname="PC1578" name="com.qa.zoopla.testcases.MMTSearchFlightPageTest" tests="1" failures="0" timestamp="26 Apr 2019 07:32:25 GMT" time="100.628" errors="0">
  <testcase name="verifyUserFlightSearch" time="100.628" classname="com.qa.zoopla.testcases.MMTSearchFlightPageTest"/>
</testsuite> <!-- com.qa.zoopla.testcases.MMTSearchFlightPageTest -->
